<?xml version="1.0" encoding="UTF-8"?>
<!-- Generated by org.testng.reporters.JUnitXMLReporter -->
<testsuite ignored="0" hostname="LAPTOP-2OFJ9JBV" failures="0" tests="3" name="Default test" time="19.314" errors="0" timestamp="2021-08-24T11:17:14 IST">
  <testcase classname="com.citibridge.VerifyRecommendationPageFunctinality" name="verifySuccessfulLogin" time="9.602"/>
  <testcase classname="com.citibridge.VerifyRecommendationPageFunctinality" name="verifyRecommendationTitle" time="3.182"/>
  <testcase classname="com.citibridge.VerifyRecommendationPageFunctinality" name="verifyAddSavedStocks" time="2.43"/>
</testsuite> <!-- Default test -->
